2018-01-23 02:46:24 ERROR ConnectionPool:37 - Problem getting DataSource object:
javax.naming.NoInitialContextException: Need to specify class name in environment or system property, or as an applet parameter, or in an application resource file:  java.naming.factory.initial
	at javax.naming.spi.NamingManager.getInitialContext(NamingManager.java:662)
	at javax.naming.InitialContext.getDefaultInitCtx(InitialContext.java:313)
	at javax.naming.InitialContext.getURLOrDefaultInitCtx(InitialContext.java:350)
	at javax.naming.InitialContext.lookup(InitialContext.java:417)
	at ua.com.repairagency.connection.ConnectionPool.<init>(ConnectionPool.java:34)
	at ua.com.repairagency.connection.ConnectionPool.getInstance(ConnectionPool.java:44)
	at ua.com.repairagency.dao.sql.TestDBUserDAO.updateUser(TestDBUserDAO.java:205)
	at ua.com.repairagency.dao.sql.MySQLDAOTest.updateEntityTest(MySQLDAOTest.java:96)
	at sun.reflect.NativeMethodAccessorImpl.invoke0(Native Method)
	at sun.reflect.NativeMethodAccessorImpl.invoke(NativeMethodAccessorImpl.java:62)
	at sun.reflect.DelegatingMethodAccessorImpl.invoke(DelegatingMethodAccessorImpl.java:43)
	at java.lang.reflect.Method.invoke(Method.java:498)
	at org.junit.runners.model.FrameworkMethod$1.runReflectiveCall(FrameworkMethod.java:50)
	at org.junit.internal.runners.model.ReflectiveCallable.run(ReflectiveCallable.java:12)
	at org.junit.runners.model.FrameworkMethod.invokeExplosively(FrameworkMethod.java:47)
	at org.junit.internal.runners.statements.InvokeMethod.evaluate(InvokeMethod.java:17)
	at org.junit.runners.ParentRunner.runLeaf(ParentRunner.java:325)
	at org.junit.runners.BlockJUnit4ClassRunner.runChild(BlockJUnit4ClassRunner.java:78)
	at org.junit.runners.BlockJUnit4ClassRunner.runChild(BlockJUnit4ClassRunner.java:57)
	at org.junit.runners.ParentRunner$3.run(ParentRunner.java:290)
	at org.junit.runners.ParentRunner$1.schedule(ParentRunner.java:71)
	at org.junit.runners.ParentRunner.runChildren(ParentRunner.java:288)
	at org.junit.runners.ParentRunner.access$000(ParentRunner.java:58)
	at org.junit.runners.ParentRunner$2.evaluate(ParentRunner.java:268)
	at org.junit.internal.runners.statements.RunBefores.evaluate(RunBefores.java:26)
	at org.junit.runners.ParentRunner.run(ParentRunner.java:363)
	at org.junit.runners.Suite.runChild(Suite.java:128)
	at org.junit.runners.Suite.runChild(Suite.java:27)
	at org.junit.runners.ParentRunner$3.run(ParentRunner.java:290)
	at org.junit.runners.ParentRunner$1.schedule(ParentRunner.java:71)
	at org.junit.runners.ParentRunner.runChildren(ParentRunner.java:288)
	at org.junit.runners.ParentRunner.access$000(ParentRunner.java:58)
	at org.junit.runners.ParentRunner$2.evaluate(ParentRunner.java:268)
	at org.junit.runners.ParentRunner.run(ParentRunner.java:363)
	at org.junit.runner.JUnitCore.run(JUnitCore.java:137)
	at com.intellij.junit4.JUnit4IdeaTestRunner.startRunnerWithArgs(JUnit4IdeaTestRunner.java:68)
	at com.intellij.rt.execution.junit.IdeaTestRunner$Repeater.startRunnerWithArgs(IdeaTestRunner.java:47)
	at com.intellij.rt.execution.junit.JUnitStarter.prepareStreamsAndStart(JUnitStarter.java:242)
	at com.intellij.rt.execution.junit.JUnitStarter.main(JUnitStarter.java:70)
2018-01-23 02:58:45 ERROR ConnectionPool:37 - Problem getting DataSource object:
javax.naming.NoInitialContextException: Need to specify class name in environment or system property, or as an applet parameter, or in an application resource file:  java.naming.factory.initial
	at javax.naming.spi.NamingManager.getInitialContext(NamingManager.java:662)
	at javax.naming.InitialContext.getDefaultInitCtx(InitialContext.java:313)
	at javax.naming.InitialContext.getURLOrDefaultInitCtx(InitialContext.java:350)
	at javax.naming.InitialContext.lookup(InitialContext.java:417)
	at ua.com.repairagency.connection.ConnectionPool.<init>(ConnectionPool.java:34)
	at ua.com.repairagency.connection.ConnectionPool.getInstance(ConnectionPool.java:44)
	at ua.com.repairagency.dao.sql.TestDBUserDAO.updateUser(TestDBUserDAO.java:205)
	at ua.com.repairagency.dao.sql.MySQLDAOTest.updateEntityTest(MySQLDAOTest.java:96)
	at sun.reflect.NativeMethodAccessorImpl.invoke0(Native Method)
	at sun.reflect.NativeMethodAccessorImpl.invoke(NativeMethodAccessorImpl.java:62)
	at sun.reflect.DelegatingMethodAccessorImpl.invoke(DelegatingMethodAccessorImpl.java:43)
	at java.lang.reflect.Method.invoke(Method.java:498)
	at org.junit.runners.model.FrameworkMethod$1.runReflectiveCall(FrameworkMethod.java:50)
	at org.junit.internal.runners.model.ReflectiveCallable.run(ReflectiveCallable.java:12)
	at org.junit.runners.model.FrameworkMethod.invokeExplosively(FrameworkMethod.java:47)
	at org.junit.internal.runners.statements.InvokeMethod.evaluate(InvokeMethod.java:17)
	at org.junit.runners.ParentRunner.runLeaf(ParentRunner.java:325)
	at org.junit.runners.BlockJUnit4ClassRunner.runChild(BlockJUnit4ClassRunner.java:78)
	at org.junit.runners.BlockJUnit4ClassRunner.runChild(BlockJUnit4ClassRunner.java:57)
	at org.junit.runners.ParentRunner$3.run(ParentRunner.java:290)
	at org.junit.runners.ParentRunner$1.schedule(ParentRunner.java:71)
	at org.junit.runners.ParentRunner.runChildren(ParentRunner.java:288)
	at org.junit.runners.ParentRunner.access$000(ParentRunner.java:58)
	at org.junit.runners.ParentRunner$2.evaluate(ParentRunner.java:268)
	at org.junit.internal.runners.statements.RunBefores.evaluate(RunBefores.java:26)
	at org.junit.runners.ParentRunner.run(ParentRunner.java:363)
	at org.junit.runners.Suite.runChild(Suite.java:128)
	at org.junit.runners.Suite.runChild(Suite.java:27)
	at org.junit.runners.ParentRunner$3.run(ParentRunner.java:290)
	at org.junit.runners.ParentRunner$1.schedule(ParentRunner.java:71)
	at org.junit.runners.ParentRunner.runChildren(ParentRunner.java:288)
	at org.junit.runners.ParentRunner.access$000(ParentRunner.java:58)
	at org.junit.runners.ParentRunner$2.evaluate(ParentRunner.java:268)
	at org.junit.runners.ParentRunner.run(ParentRunner.java:363)
	at org.junit.runner.JUnitCore.run(JUnitCore.java:137)
	at com.intellij.junit4.JUnit4IdeaTestRunner.startRunnerWithArgs(JUnit4IdeaTestRunner.java:68)
	at com.intellij.rt.execution.junit.IdeaTestRunner$Repeater.startRunnerWithArgs(IdeaTestRunner.java:47)
	at com.intellij.rt.execution.junit.JUnitStarter.prepareStreamsAndStart(JUnitStarter.java:242)
	at com.intellij.rt.execution.junit.JUnitStarter.main(JUnitStarter.java:70)
2018-01-23 02:59:25 ERROR ConnectionPool:37 - Problem getting DataSource object:
javax.naming.NoInitialContextException: Need to specify class name in environment or system property, or as an applet parameter, or in an application resource file:  java.naming.factory.initial
	at javax.naming.spi.NamingManager.getInitialContext(NamingManager.java:662)
	at javax.naming.InitialContext.getDefaultInitCtx(InitialContext.java:313)
	at javax.naming.InitialContext.getURLOrDefaultInitCtx(InitialContext.java:350)
	at javax.naming.InitialContext.lookup(InitialContext.java:417)
	at ua.com.repairagency.connection.ConnectionPool.<init>(ConnectionPool.java:34)
	at ua.com.repairagency.connection.ConnectionPool.getInstance(ConnectionPool.java:44)
	at ua.com.repairagency.dao.sql.TestDBUserDAO.updateUser(TestDBUserDAO.java:205)
	at ua.com.repairagency.dao.sql.MySQLDAOTest.updateEntityTest(MySQLDAOTest.java:96)
	at sun.reflect.NativeMethodAccessorImpl.invoke0(Native Method)
	at sun.reflect.NativeMethodAccessorImpl.invoke(NativeMethodAccessorImpl.java:62)
	at sun.reflect.DelegatingMethodAccessorImpl.invoke(DelegatingMethodAccessorImpl.java:43)
	at java.lang.reflect.Method.invoke(Method.java:498)
	at org.junit.runners.model.FrameworkMethod$1.runReflectiveCall(FrameworkMethod.java:50)
	at org.junit.internal.runners.model.ReflectiveCallable.run(ReflectiveCallable.java:12)
	at org.junit.runners.model.FrameworkMethod.invokeExplosively(FrameworkMethod.java:47)
	at org.junit.internal.runners.statements.InvokeMethod.evaluate(InvokeMethod.java:17)
	at org.junit.runners.ParentRunner.runLeaf(ParentRunner.java:325)
	at org.junit.runners.BlockJUnit4ClassRunner.runChild(BlockJUnit4ClassRunner.java:78)
	at org.junit.runners.BlockJUnit4ClassRunner.runChild(BlockJUnit4ClassRunner.java:57)
	at org.junit.runners.ParentRunner$3.run(ParentRunner.java:290)
	at org.junit.runners.ParentRunner$1.schedule(ParentRunner.java:71)
	at org.junit.runners.ParentRunner.runChildren(ParentRunner.java:288)
	at org.junit.runners.ParentRunner.access$000(ParentRunner.java:58)
	at org.junit.runners.ParentRunner$2.evaluate(ParentRunner.java:268)
	at org.junit.internal.runners.statements.RunBefores.evaluate(RunBefores.java:26)
	at org.junit.runners.ParentRunner.run(ParentRunner.java:363)
	at org.junit.runners.Suite.runChild(Suite.java:128)
	at org.junit.runners.Suite.runChild(Suite.java:27)
	at org.junit.runners.ParentRunner$3.run(ParentRunner.java:290)
	at org.junit.runners.ParentRunner$1.schedule(ParentRunner.java:71)
	at org.junit.runners.ParentRunner.runChildren(ParentRunner.java:288)
	at org.junit.runners.ParentRunner.access$000(ParentRunner.java:58)
	at org.junit.runners.ParentRunner$2.evaluate(ParentRunner.java:268)
	at org.junit.runners.ParentRunner.run(ParentRunner.java:363)
	at org.junit.runner.JUnitCore.run(JUnitCore.java:137)
	at com.intellij.junit4.JUnit4IdeaTestRunner.startRunnerWithArgs(JUnit4IdeaTestRunner.java:68)
	at com.intellij.rt.execution.junit.IdeaTestRunner$Repeater.startRunnerWithArgs(IdeaTestRunner.java:47)
	at com.intellij.rt.execution.junit.JUnitStarter.prepareStreamsAndStart(JUnitStarter.java:242)
	at com.intellij.rt.execution.junit.JUnitStarter.main(JUnitStarter.java:70)
2018-01-23 03:08:12 ERROR ConnectionPool:37 - Problem getting DataSource object:
javax.naming.NoInitialContextException: Need to specify class name in environment or system property, or as an applet parameter, or in an application resource file:  java.naming.factory.initial
	at javax.naming.spi.NamingManager.getInitialContext(NamingManager.java:662)
	at javax.naming.InitialContext.getDefaultInitCtx(InitialContext.java:313)
	at javax.naming.InitialContext.getURLOrDefaultInitCtx(InitialContext.java:350)
	at javax.naming.InitialContext.lookup(InitialContext.java:417)
	at ua.com.repairagency.connection.ConnectionPool.<init>(ConnectionPool.java:34)
	at ua.com.repairagency.connection.ConnectionPool.getInstance(ConnectionPool.java:44)
	at ua.com.repairagency.dao.sql.TestDBUserDAO.updateUser(TestDBUserDAO.java:205)
	at ua.com.repairagency.dao.sql.MySQLDAOTest.updateEntityTest(MySQLDAOTest.java:96)
	at sun.reflect.NativeMethodAccessorImpl.invoke0(Native Method)
	at sun.reflect.NativeMethodAccessorImpl.invoke(NativeMethodAccessorImpl.java:62)
	at sun.reflect.DelegatingMethodAccessorImpl.invoke(DelegatingMethodAccessorImpl.java:43)
	at java.lang.reflect.Method.invoke(Method.java:498)
	at org.junit.runners.model.FrameworkMethod$1.runReflectiveCall(FrameworkMethod.java:50)
	at org.junit.internal.runners.model.ReflectiveCallable.run(ReflectiveCallable.java:12)
	at org.junit.runners.model.FrameworkMethod.invokeExplosively(FrameworkMethod.java:47)
	at org.junit.internal.runners.statements.InvokeMethod.evaluate(InvokeMethod.java:17)
	at org.junit.runners.ParentRunner.runLeaf(ParentRunner.java:325)
	at org.junit.runners.BlockJUnit4ClassRunner.runChild(BlockJUnit4ClassRunner.java:78)
	at org.junit.runners.BlockJUnit4ClassRunner.runChild(BlockJUnit4ClassRunner.java:57)
	at org.junit.runners.ParentRunner$3.run(ParentRunner.java:290)
	at org.junit.runners.ParentRunner$1.schedule(ParentRunner.java:71)
	at org.junit.runners.ParentRunner.runChildren(ParentRunner.java:288)
	at org.junit.runners.ParentRunner.access$000(ParentRunner.java:58)
	at org.junit.runners.ParentRunner$2.evaluate(ParentRunner.java:268)
	at org.junit.internal.runners.statements.RunBefores.evaluate(RunBefores.java:26)
	at org.junit.runners.ParentRunner.run(ParentRunner.java:363)
	at org.junit.runners.Suite.runChild(Suite.java:128)
	at org.junit.runners.Suite.runChild(Suite.java:27)
	at org.junit.runners.ParentRunner$3.run(ParentRunner.java:290)
	at org.junit.runners.ParentRunner$1.schedule(ParentRunner.java:71)
	at org.junit.runners.ParentRunner.runChildren(ParentRunner.java:288)
	at org.junit.runners.ParentRunner.access$000(ParentRunner.java:58)
	at org.junit.runners.ParentRunner$2.evaluate(ParentRunner.java:268)
	at org.junit.runners.ParentRunner.run(ParentRunner.java:363)
	at org.junit.runner.JUnitCore.run(JUnitCore.java:137)
	at com.intellij.junit4.JUnit4IdeaTestRunner.startRunnerWithArgs(JUnit4IdeaTestRunner.java:68)
	at com.intellij.rt.execution.junit.IdeaTestRunner$Repeater.startRunnerWithArgs(IdeaTestRunner.java:47)
	at com.intellij.rt.execution.junit.JUnitStarter.prepareStreamsAndStart(JUnitStarter.java:242)
	at com.intellij.rt.execution.junit.JUnitStarter.main(JUnitStarter.java:70)
2018-01-23 03:13:51 ERROR ConnectionPool:37 - Problem getting DataSource object:
javax.naming.NoInitialContextException: Need to specify class name in environment or system property, or as an applet parameter, or in an application resource file:  java.naming.factory.initial
	at javax.naming.spi.NamingManager.getInitialContext(NamingManager.java:662)
	at javax.naming.InitialContext.getDefaultInitCtx(InitialContext.java:313)
	at javax.naming.InitialContext.getURLOrDefaultInitCtx(InitialContext.java:350)
	at javax.naming.InitialContext.lookup(InitialContext.java:417)
	at ua.com.repairagency.connection.ConnectionPool.<init>(ConnectionPool.java:34)
	at ua.com.repairagency.connection.ConnectionPool.getInstance(ConnectionPool.java:44)
	at ua.com.repairagency.dao.sql.TestDBUserDAO.updateUser(TestDBUserDAO.java:205)
	at ua.com.repairagency.dao.sql.MySQLDAOTest.updateEntityTest(MySQLDAOTest.java:96)
	at sun.reflect.NativeMethodAccessorImpl.invoke0(Native Method)
	at sun.reflect.NativeMethodAccessorImpl.invoke(NativeMethodAccessorImpl.java:62)
	at sun.reflect.DelegatingMethodAccessorImpl.invoke(DelegatingMethodAccessorImpl.java:43)
	at java.lang.reflect.Method.invoke(Method.java:498)
	at org.junit.runners.model.FrameworkMethod$1.runReflectiveCall(FrameworkMethod.java:50)
	at org.junit.internal.runners.model.ReflectiveCallable.run(ReflectiveCallable.java:12)
	at org.junit.runners.model.FrameworkMethod.invokeExplosively(FrameworkMethod.java:47)
	at org.junit.internal.runners.statements.InvokeMethod.evaluate(InvokeMethod.java:17)
	at org.junit.runners.ParentRunner.runLeaf(ParentRunner.java:325)
	at org.junit.runners.BlockJUnit4ClassRunner.runChild(BlockJUnit4ClassRunner.java:78)
	at org.junit.runners.BlockJUnit4ClassRunner.runChild(BlockJUnit4ClassRunner.java:57)
	at org.junit.runners.ParentRunner$3.run(ParentRunner.java:290)
	at org.junit.runners.ParentRunner$1.schedule(ParentRunner.java:71)
	at org.junit.runners.ParentRunner.runChildren(ParentRunner.java:288)
	at org.junit.runners.ParentRunner.access$000(ParentRunner.java:58)
	at org.junit.runners.ParentRunner$2.evaluate(ParentRunner.java:268)
	at org.junit.internal.runners.statements.RunBefores.evaluate(RunBefores.java:26)
	at org.junit.runners.ParentRunner.run(ParentRunner.java:363)
	at org.junit.runners.Suite.runChild(Suite.java:128)
	at org.junit.runners.Suite.runChild(Suite.java:27)
	at org.junit.runners.ParentRunner$3.run(ParentRunner.java:290)
	at org.junit.runners.ParentRunner$1.schedule(ParentRunner.java:71)
	at org.junit.runners.ParentRunner.runChildren(ParentRunner.java:288)
	at org.junit.runners.ParentRunner.access$000(ParentRunner.java:58)
	at org.junit.runners.ParentRunner$2.evaluate(ParentRunner.java:268)
	at org.junit.runners.ParentRunner.run(ParentRunner.java:363)
	at org.junit.runner.JUnitCore.run(JUnitCore.java:137)
	at com.intellij.junit4.JUnit4IdeaTestRunner.startRunnerWithArgs(JUnit4IdeaTestRunner.java:68)
	at com.intellij.rt.execution.junit.IdeaTestRunner$Repeater.startRunnerWithArgs(IdeaTestRunner.java:47)
	at com.intellij.rt.execution.junit.JUnitStarter.prepareStreamsAndStart(JUnitStarter.java:242)
	at com.intellij.rt.execution.junit.JUnitStarter.main(JUnitStarter.java:70)
2018-01-23 03:42:20 ERROR ConnectionPool:37 - Problem getting DataSource object:
javax.naming.NoInitialContextException: Need to specify class name in environment or system property, or as an applet parameter, or in an application resource file:  java.naming.factory.initial
	at javax.naming.spi.NamingManager.getInitialContext(NamingManager.java:662)
	at javax.naming.InitialContext.getDefaultInitCtx(InitialContext.java:313)
	at javax.naming.InitialContext.getURLOrDefaultInitCtx(InitialContext.java:350)
	at javax.naming.InitialContext.lookup(InitialContext.java:417)
	at ua.com.repairagency.connection.ConnectionPool.<init>(ConnectionPool.java:34)
	at ua.com.repairagency.connection.ConnectionPool.getInstance(ConnectionPool.java:44)
	at ua.com.repairagency.dao.sql.TestDBUserDAO.updateUser(TestDBUserDAO.java:205)
	at ua.com.repairagency.dao.sql.MySQLDAOTest.updateEntityTest(MySQLDAOTest.java:97)
	at sun.reflect.NativeMethodAccessorImpl.invoke0(Native Method)
	at sun.reflect.NativeMethodAccessorImpl.invoke(NativeMethodAccessorImpl.java:62)
	at sun.reflect.DelegatingMethodAccessorImpl.invoke(DelegatingMethodAccessorImpl.java:43)
	at java.lang.reflect.Method.invoke(Method.java:498)
	at org.junit.runners.model.FrameworkMethod$1.runReflectiveCall(FrameworkMethod.java:50)
	at org.junit.internal.runners.model.ReflectiveCallable.run(ReflectiveCallable.java:12)
	at org.junit.runners.model.FrameworkMethod.invokeExplosively(FrameworkMethod.java:47)
	at org.junit.internal.runners.statements.InvokeMethod.evaluate(InvokeMethod.java:17)
	at org.junit.runners.ParentRunner.runLeaf(ParentRunner.java:325)
	at org.junit.runners.BlockJUnit4ClassRunner.runChild(BlockJUnit4ClassRunner.java:78)
	at org.junit.runners.BlockJUnit4ClassRunner.runChild(BlockJUnit4ClassRunner.java:57)
	at org.junit.runners.ParentRunner$3.run(ParentRunner.java:290)
	at org.junit.runners.ParentRunner$1.schedule(ParentRunner.java:71)
	at org.junit.runners.ParentRunner.runChildren(ParentRunner.java:288)
	at org.junit.runners.ParentRunner.access$000(ParentRunner.java:58)
	at org.junit.runners.ParentRunner$2.evaluate(ParentRunner.java:268)
	at org.junit.internal.runners.statements.RunBefores.evaluate(RunBefores.java:26)
	at org.junit.runners.ParentRunner.run(ParentRunner.java:363)
	at org.junit.runners.Suite.runChild(Suite.java:128)
	at org.junit.runners.Suite.runChild(Suite.java:27)
	at org.junit.runners.ParentRunner$3.run(ParentRunner.java:290)
	at org.junit.runners.ParentRunner$1.schedule(ParentRunner.java:71)
	at org.junit.runners.ParentRunner.runChildren(ParentRunner.java:288)
	at org.junit.runners.ParentRunner.access$000(ParentRunner.java:58)
	at org.junit.runners.ParentRunner$2.evaluate(ParentRunner.java:268)
	at org.junit.runners.ParentRunner.run(ParentRunner.java:363)
	at org.junit.runner.JUnitCore.run(JUnitCore.java:137)
	at com.intellij.junit4.JUnit4IdeaTestRunner.startRunnerWithArgs(JUnit4IdeaTestRunner.java:68)
	at com.intellij.rt.execution.junit.IdeaTestRunner$Repeater.startRunnerWithArgs(IdeaTestRunner.java:47)
	at com.intellij.rt.execution.junit.JUnitStarter.prepareStreamsAndStart(JUnitStarter.java:242)
	at com.intellij.rt.execution.junit.JUnitStarter.main(JUnitStarter.java:70)
2018-01-23 03:50:06 ERROR ConnectionPool:37 - Problem getting DataSource object:
javax.naming.NoInitialContextException: Need to specify class name in environment or system property, or as an applet parameter, or in an application resource file:  java.naming.factory.initial
	at javax.naming.spi.NamingManager.getInitialContext(NamingManager.java:662)
	at javax.naming.InitialContext.getDefaultInitCtx(InitialContext.java:313)
	at javax.naming.InitialContext.getURLOrDefaultInitCtx(InitialContext.java:350)
	at javax.naming.InitialContext.lookup(InitialContext.java:417)
	at ua.com.repairagency.connection.ConnectionPool.<init>(ConnectionPool.java:34)
	at ua.com.repairagency.connection.ConnectionPool.getInstance(ConnectionPool.java:44)
	at ua.com.repairagency.dao.sql.TestDBUserDAO.updateUser(TestDBUserDAO.java:205)
	at ua.com.repairagency.dao.sql.MySQLDAOTest.updateEntityTest(MySQLDAOTest.java:97)
	at sun.reflect.NativeMethodAccessorImpl.invoke0(Native Method)
	at sun.reflect.NativeMethodAccessorImpl.invoke(NativeMethodAccessorImpl.java:62)
	at sun.reflect.DelegatingMethodAccessorImpl.invoke(DelegatingMethodAccessorImpl.java:43)
	at java.lang.reflect.Method.invoke(Method.java:498)
	at org.junit.runners.model.FrameworkMethod$1.runReflectiveCall(FrameworkMethod.java:50)
	at org.junit.internal.runners.model.ReflectiveCallable.run(ReflectiveCallable.java:12)
	at org.junit.runners.model.FrameworkMethod.invokeExplosively(FrameworkMethod.java:47)
	at org.junit.internal.runners.statements.InvokeMethod.evaluate(InvokeMethod.java:17)
	at org.junit.runners.ParentRunner.runLeaf(ParentRunner.java:325)
	at org.junit.runners.BlockJUnit4ClassRunner.runChild(BlockJUnit4ClassRunner.java:78)
	at org.junit.runners.BlockJUnit4ClassRunner.runChild(BlockJUnit4ClassRunner.java:57)
	at org.junit.runners.ParentRunner$3.run(ParentRunner.java:290)
	at org.junit.runners.ParentRunner$1.schedule(ParentRunner.java:71)
	at org.junit.runners.ParentRunner.runChildren(ParentRunner.java:288)
	at org.junit.runners.ParentRunner.access$000(ParentRunner.java:58)
	at org.junit.runners.ParentRunner$2.evaluate(ParentRunner.java:268)
	at org.junit.internal.runners.statements.RunBefores.evaluate(RunBefores.java:26)
	at org.junit.runners.ParentRunner.run(ParentRunner.java:363)
	at org.junit.runners.Suite.runChild(Suite.java:128)
	at org.junit.runners.Suite.runChild(Suite.java:27)
	at org.junit.runners.ParentRunner$3.run(ParentRunner.java:290)
	at org.junit.runners.ParentRunner$1.schedule(ParentRunner.java:71)
	at org.junit.runners.ParentRunner.runChildren(ParentRunner.java:288)
	at org.junit.runners.ParentRunner.access$000(ParentRunner.java:58)
	at org.junit.runners.ParentRunner$2.evaluate(ParentRunner.java:268)
	at org.junit.runners.ParentRunner.run(ParentRunner.java:363)
	at org.junit.runner.JUnitCore.run(JUnitCore.java:137)
	at com.intellij.junit4.JUnit4IdeaTestRunner.startRunnerWithArgs(JUnit4IdeaTestRunner.java:68)
	at com.intellij.rt.execution.junit.IdeaTestRunner$Repeater.startRunnerWithArgs(IdeaTestRunner.java:47)
	at com.intellij.rt.execution.junit.JUnitStarter.prepareStreamsAndStart(JUnitStarter.java:242)
	at com.intellij.rt.execution.junit.JUnitStarter.main(JUnitStarter.java:70)
2018-01-23 10:12:03 INFO  UserCredentialsService:17 - Trying check if user with specified login and password exists.
2018-01-23 10:12:03 INFO  ConnectionPool:43 - Trying to get instance of ConnectionPool.
2018-01-23 10:12:03 INFO  ConnectionPool:45 - Trying to create ConnectionPool instance.
2018-01-23 10:12:03 INFO  ConnectionPool:51 - The getInstance method finished successfully.
2018-01-23 10:12:03 INFO  ConnectionPool:57 - Trying to get a connection from pool.
2018-01-23 10:12:03 INFO  ConnectionPool:66 - Trying to close connection.
2018-01-23 10:12:03 INFO  ConnectionPool:72 - The closeConnection method finished successfully.
2018-01-23 10:12:03 INFO  UserCredentialsService:30 - This user exists.
2018-01-23 10:12:03 INFO  UserCredentialsService:31 - The userExists method finished successfully.
2018-01-23 10:12:03 INFO  UserTypeService:19 - Trying to get user type by the specified username.
2018-01-23 10:12:03 INFO  ConnectionPool:43 - Trying to get instance of ConnectionPool.
2018-01-23 10:12:03 INFO  ConnectionPool:51 - The getInstance method finished successfully.
2018-01-23 10:12:03 INFO  ConnectionPool:57 - Trying to get a connection from pool.
2018-01-23 10:12:03 INFO  ConnectionPool:66 - Trying to close connection.
2018-01-23 10:12:03 INFO  ConnectionPool:72 - The closeConnection method finished successfully.
2018-01-23 10:12:03 INFO  ConnectionPool:43 - Trying to get instance of ConnectionPool.
2018-01-23 10:12:03 INFO  ConnectionPool:51 - The getInstance method finished successfully.
2018-01-23 10:12:03 INFO  ConnectionPool:57 - Trying to get a connection from pool.
2018-01-23 10:12:03 INFO  ConnectionPool:66 - Trying to close connection.
2018-01-23 10:12:03 INFO  ConnectionPool:72 - The closeConnection method finished successfully.
2018-01-23 10:12:03 INFO  ConnectionPool:43 - Trying to get instance of ConnectionPool.
2018-01-23 10:12:03 INFO  ConnectionPool:51 - The getInstance method finished successfully.
2018-01-23 10:12:03 INFO  ConnectionPool:57 - Trying to get a connection from pool.
2018-01-23 10:12:03 INFO  ConnectionPool:66 - Trying to close connection.
2018-01-23 10:12:03 INFO  ConnectionPool:72 - The closeConnection method finished successfully.
2018-01-23 10:12:03 INFO  UserTypeService:44 - The getUserTypeByUserName method finished successfully.
2018-01-23 10:12:09 INFO  LoadListService:23 - Trying to load comments list.
2018-01-23 10:12:09 INFO  ConnectionPool:43 - Trying to get instance of ConnectionPool.
2018-01-23 10:12:09 INFO  ConnectionPool:51 - The getInstance method finished successfully.
2018-01-23 10:12:09 INFO  ConnectionPool:57 - Trying to get a connection from pool.
2018-01-23 10:12:09 INFO  ConnectionPool:66 - Trying to close connection.
2018-01-23 10:12:09 INFO  ConnectionPool:72 - The closeConnection method finished successfully.
2018-01-23 10:12:09 INFO  ConnectionPool:43 - Trying to get instance of ConnectionPool.
2018-01-23 10:12:09 INFO  ConnectionPool:51 - The getInstance method finished successfully.
2018-01-23 10:12:09 INFO  ConnectionPool:57 - Trying to get a connection from pool.
2018-01-23 10:12:09 INFO  ConnectionPool:66 - Trying to close connection.
2018-01-23 10:12:09 INFO  ConnectionPool:72 - The closeConnection method finished successfully.
2018-01-23 10:12:09 INFO  LoadListService:58 - The loadComments method finished successfully.
2018-01-23 10:12:19 INFO  SubmitFormService:22 - Trying to submit comment.
2018-01-23 10:12:19 INFO  ConnectionPool:43 - Trying to get instance of ConnectionPool.
2018-01-23 10:12:19 INFO  ConnectionPool:51 - The getInstance method finished successfully.
2018-01-23 10:12:19 INFO  ConnectionPool:57 - Trying to get a connection from pool.
2018-01-23 10:12:19 INFO  ConnectionPool:66 - Trying to close connection.
2018-01-23 10:12:19 INFO  ConnectionPool:72 - The closeConnection method finished successfully.
2018-01-23 10:12:19 INFO  ConnectionPool:43 - Trying to get instance of ConnectionPool.
2018-01-23 10:12:19 INFO  ConnectionPool:51 - The getInstance method finished successfully.
2018-01-23 10:12:19 INFO  ConnectionPool:57 - Trying to get a connection from pool.
2018-01-23 10:12:19 INFO  ConnectionPool:66 - Trying to close connection.
2018-01-23 10:12:19 INFO  ConnectionPool:72 - The closeConnection method finished successfully.
2018-01-23 10:12:19 INFO  SubmitFormService:34 - The submitComment method finished successfully.
2018-01-23 10:12:19 INFO  LoadListService:23 - Trying to load comments list.
2018-01-23 10:12:19 INFO  ConnectionPool:43 - Trying to get instance of ConnectionPool.
2018-01-23 10:12:19 INFO  ConnectionPool:51 - The getInstance method finished successfully.
2018-01-23 10:12:19 INFO  ConnectionPool:57 - Trying to get a connection from pool.
2018-01-23 10:12:19 INFO  ConnectionPool:66 - Trying to close connection.
2018-01-23 10:12:19 INFO  ConnectionPool:72 - The closeConnection method finished successfully.
2018-01-23 10:12:19 INFO  ConnectionPool:43 - Trying to get instance of ConnectionPool.
2018-01-23 10:12:19 INFO  ConnectionPool:51 - The getInstance method finished successfully.
2018-01-23 10:12:19 INFO  ConnectionPool:57 - Trying to get a connection from pool.
2018-01-23 10:12:19 INFO  ConnectionPool:66 - Trying to close connection.
2018-01-23 10:12:19 INFO  ConnectionPool:72 - The closeConnection method finished successfully.
2018-01-23 10:12:19 INFO  LoadListService:58 - The loadComments method finished successfully.
2018-01-23 10:12:21 INFO  LoadListService:23 - Trying to load comments list.
2018-01-23 10:12:21 INFO  ConnectionPool:43 - Trying to get instance of ConnectionPool.
2018-01-23 10:12:21 INFO  ConnectionPool:51 - The getInstance method finished successfully.
2018-01-23 10:12:21 INFO  ConnectionPool:57 - Trying to get a connection from pool.
2018-01-23 10:12:21 INFO  ConnectionPool:66 - Trying to close connection.
2018-01-23 10:12:21 INFO  ConnectionPool:72 - The closeConnection method finished successfully.
2018-01-23 10:12:21 INFO  ConnectionPool:43 - Trying to get instance of ConnectionPool.
2018-01-23 10:12:21 INFO  ConnectionPool:51 - The getInstance method finished successfully.
2018-01-23 10:12:21 INFO  ConnectionPool:57 - Trying to get a connection from pool.
2018-01-23 10:12:21 INFO  ConnectionPool:66 - Trying to close connection.
2018-01-23 10:12:21 INFO  ConnectionPool:72 - The closeConnection method finished successfully.
2018-01-23 10:12:21 INFO  LoadListService:58 - The loadComments method finished successfully.
2018-01-23 10:12:23 INFO  LoadListService:23 - Trying to load comments list.
2018-01-23 10:12:23 INFO  ConnectionPool:43 - Trying to get instance of ConnectionPool.
2018-01-23 10:12:23 INFO  ConnectionPool:51 - The getInstance method finished successfully.
2018-01-23 10:12:23 INFO  ConnectionPool:57 - Trying to get a connection from pool.
2018-01-23 10:12:23 INFO  ConnectionPool:66 - Trying to close connection.
2018-01-23 10:12:23 INFO  ConnectionPool:72 - The closeConnection method finished successfully.
2018-01-23 10:12:23 INFO  ConnectionPool:43 - Trying to get instance of ConnectionPool.
2018-01-23 10:12:23 INFO  ConnectionPool:51 - The getInstance method finished successfully.
2018-01-23 10:12:23 INFO  ConnectionPool:57 - Trying to get a connection from pool.
2018-01-23 10:12:23 INFO  ConnectionPool:66 - Trying to close connection.
2018-01-23 10:12:23 INFO  ConnectionPool:72 - The closeConnection method finished successfully.
2018-01-23 10:12:23 INFO  LoadListService:58 - The loadComments method finished successfully.
